update-alternatives 2017-06-07 17:23:12: run with --quiet --install /usr/bin/awk awk /usr/bin/mawk 5 --slave /usr/share/man/man1/awk.1.gz awk.1.gz /usr/share/man/man1/mawk.1.gz --slave /usr/bin/nawk nawk /usr/bin/mawk --slave /usr/share/man/man1/nawk.1.gz nawk.1.gz /usr/share/man/man1/mawk.1.gz
update-alternatives 2017-06-07 17:23:12: link group awk updated to point to /usr/bin/mawk
update-alternatives 2017-06-07 17:23:22: run with --quiet --install /usr/bin/awk awk /usr/bin/mawk 5 --slave /usr/share/man/man1/awk.1.gz awk.1.gz /usr/share/man/man1/mawk.1.gz --slave /usr/bin/nawk nawk /usr/bin/mawk --slave /usr/share/man/man1/nawk.1.gz nawk.1.gz /usr/share/man/man1/mawk.1.gz
update-alternatives 2017-06-07 17:23:22: run with --install /usr/sbin/rmt rmt /usr/sbin/rmt-tar 50 --slave /usr/share/man/man8/rmt.8.gz rmt.8.gz /usr/share/man/man8/rmt-tar.8.gz
update-alternatives 2017-06-07 17:23:22: link group rmt updated to point to /usr/sbin/rmt-tar
update-alternatives 2017-06-07 17:23:23: run with --install /usr/share/man/man7/builtins.7.gz builtins.7.gz /usr/share/man/man7/bash-builtins.7.gz 10
update-alternatives 2017-06-07 17:23:23: link group builtins.7.gz updated to point to /usr/share/man/man7/bash-builtins.7.gz
update-alternatives 2017-06-07 17:23:24: run with --install /usr/bin/pager pager /bin/more 50 --slave /usr/share/man/man1/pager.1.gz pager.1.gz /usr/share/man/man1/more.1.gz
update-alternatives 2017-06-07 17:23:24: link group pager updated to point to /bin/more
update-alternatives 2017-06-07 17:23:24: run with --install /usr/bin/pager pager /usr/bin/pg 10 --slave /usr/share/man/man1/pager.1.gz pager.1.gz /usr/share/man/man1/pg.1.gz
update-alternatives 2017-06-07 17:23:24: run with --install /usr/bin/w w /usr/bin/w.procps 50 --slave /usr/share/man/man1/w.1.gz w.1.gz /usr/share/man/man1/w.procps.1.gz
update-alternatives 2017-06-07 17:23:24: link group w updated to point to /usr/bin/w.procps
update-alternatives 2017-06-15 01:35:56: run with --install /usr/bin/rename rename /usr/bin/prename 60 --slave /usr/share/man/man1/rename.1.gz rename.1.gz /usr/share/man/man1/prename.1.gz
update-alternatives 2017-06-15 01:35:56: link group rename updated to point to /usr/bin/prename
update-alternatives 2017-06-15 01:35:58: run with --install /usr/bin/lzma lzma /usr/bin/xz 20 --slave /usr/share/man/man1/lzma.1.gz lzma.1.gz /usr/share/man/man1/xz.1.gz --slave /usr/bin/unlzma unlzma /usr/bin/unxz --slave /usr/share/man/man1/unlzma.1.gz unlzma.1.gz /usr/share/man/man1/unxz.1.gz --slave /usr/bin/lzcat lzcat /usr/bin/xzcat --slave /usr/share/man/man1/lzcat.1.gz lzcat.1.gz /usr/share/man/man1/xzcat.1.gz --slave /usr/bin/lzmore lzmore /usr/bin/xzmore --slave /usr/share/man/man1/lzmore.1.gz lzmore.1.gz /usr/share/man/man1/xzmore.1.gz --slave /usr/bin/lzless lzless /usr/bin/xzless --slave /usr/share/man/man1/lzless.1.gz lzless.1.gz /usr/share/man/man1/xzless.1.gz --slave /usr/bin/lzdiff lzdiff /usr/bin/xzdiff --slave /usr/share/man/man1/lzdiff.1.gz lzdiff.1.gz /usr/share/man/man1/xzdiff.1.gz --slave /usr/bin/lzcmp lzcmp /usr/bin/xzcmp --slave /usr/share/man/man1/lzcmp.1.gz lzcmp.1.gz /usr/share/man/man1/xzcmp.1.gz --slave /usr/bin/lzgrep lzgrep /usr/bin/xzgrep --slave /usr/share/man/man1/lzgrep.1.gz lzgrep.1.gz /usr/share/man/man1/xzgrep.1.gz --slave /usr/bin/lzegrep lzegrep /usr/bin/xzegrep --slave /usr/share/man/man1/lzegrep.1.gz lzegrep.1.gz /usr/share/man/man1/xzegrep.1.gz --slave /usr/bin/lzfgrep lzfgrep /usr/bin/xzfgrep --slave /usr/share/man/man1/lzfgrep.1.gz lzfgrep.1.gz /usr/share/man/man1/xzfgrep.1.gz
update-alternatives 2017-06-15 01:35:58: link group lzma updated to point to /usr/bin/xz
update-alternatives 2017-06-15 01:35:58: run with --quiet --install /lib/cpp cpp /usr/bin/cpp 10
update-alternatives 2017-06-15 01:35:58: link group cpp updated to point to /usr/bin/cpp
update-alternatives 2017-06-15 01:35:58: run with --quiet --install /usr/bin/cc cc /usr/bin/gcc 20
update-alternatives 2017-06-15 01:35:58: link group cc updated to point to /usr/bin/gcc
update-alternatives 2017-06-15 01:35:58: run with --quiet --install /usr/bin/c89 c89 /usr/bin/c89-gcc 20 --slave /usr/share/man/man1/c89.1.gz c89.1.gz /usr/share/man/man1/c89-gcc.1.gz
update-alternatives 2017-06-15 01:35:58: link group c89 updated to point to /usr/bin/c89-gcc
update-alternatives 2017-06-15 01:35:58: run with --quiet --install /usr/bin/c99 c99 /usr/bin/c99-gcc 20 --slave /usr/share/man/man1/c99.1.gz c99.1.gz /usr/share/man/man1/c99-gcc.1.gz
update-alternatives 2017-06-15 01:35:58: link group c99 updated to point to /usr/bin/c99-gcc
update-alternatives 2017-06-15 01:35:58: run with --install /usr/bin/c++ c++ /usr/bin/g++ 20
update-alternatives 2017-06-15 01:35:58: link group c++ updated to point to /usr/bin/g++
update-alternatives 2017-06-15 01:35:58: run with --install /usr/bin/f95 f95 /usr/bin/gfortran 20
update-alternatives 2017-06-15 01:35:58: link group f95 updated to point to /usr/bin/gfortran
update-alternatives 2017-06-15 01:35:58: run with --install /usr/bin/f77 f77 /usr/bin/gfortran 20
update-alternatives 2017-06-15 01:35:58: link group f77 updated to point to /usr/bin/gfortran
update-alternatives 2017-06-15 01:35:58: run with --install /usr/lib/libblas.so.3 libblas.so.3 /usr/lib/libblas/libblas.so.3 10 --slave /usr/lib/libblas.so.3gf libblas.so.3gf /usr/lib/libblas/libblas.so.3
update-alternatives 2017-06-15 01:35:58: link group libblas.so.3 updated to point to /usr/lib/libblas/libblas.so.3
update-alternatives 2017-06-15 01:35:58: run with --install /usr/lib/libblas.so libblas.so /usr/lib/libblas/libblas.so 10 --slave /usr/lib/libblas.a libblas.a /usr/lib/libblas/libblas.a --slave /usr/lib/pkgconfig/blas.pc blas.pc /usr/lib/pkgconfig/blas-netlib.pc
update-alternatives 2017-06-15 01:35:58: link group libblas.so updated to point to /usr/lib/libblas/libblas.so
update-alternatives 2017-06-15 01:35:59: run with --install /usr/lib/liblapack.so.3 liblapack.so.3 /usr/lib/lapack/liblapack.so.3 10 --slave /usr/lib/liblapack.so.3gf liblapack.so.3gf /usr/lib/lapack/liblapack.so.3
update-alternatives 2017-06-15 01:35:59: link group liblapack.so.3 updated to point to /usr/lib/lapack/liblapack.so.3
update-alternatives 2017-06-15 01:35:59: run with --install /usr/lib/liblapack.so liblapack.so /usr/lib/lapack/liblapack.so 20 --slave /usr/lib/liblapack.a liblapack.a /usr/lib/lapack/liblapack.a --slave /usr/lib/pkgconfig/lapack.pc lapack.pc /usr/lib/pkgconfig/lapack-netlib.pc
update-alternatives 2017-06-15 01:35:59: link group liblapack.so updated to point to /usr/lib/lapack/liblapack.so
